CRITICAL - 2022-06-28 18:05:49 --> syntax error, unexpected single-quoted string "<span class="badge bg-warning"..."
in APPPATH/Views/admin/contact/listContacts.php on line 28.
 1 SYSTEMPATH/View/View.php(216): CodeIgniter\View\View->CodeIgniter\View\{closure}()
 2 SYSTEMPATH/Common.php(1135): CodeIgniter\View\View->render('admin/contact/listContacts', [], true)
 3 APPPATH/Controllers/Admin/Contact.php(17): view('admin/contact/listContacts', [...])
 4 SYSTEMPATH/CodeIgniter.php(898): App\Controllers\Admin\Contact->listContact()
 5 SYSTEMPATH/CodeIgniter.php(468): CodeIgniter\CodeIgniter->runController(Object(App\Controllers\Admin\Contact))
 6 SYSTEMPATH/CodeIgniter.php(351): CodeIgniter\CodeIgniter->handleRequest(null, Object(Config\Cache), false)
 7 FCPATH/index.php(55): CodeIgniter\CodeIgniter->run()
CRITICAL - 2022-06-28 18:06:31 --> syntax error, unexpected single-quoted string "<span class="badge bg-warning"..."
in APPPATH/Views/admin/contact/listContacts.php on line 28.
 1 SYSTEMPATH/View/View.php(216): CodeIgniter\View\View->CodeIgniter\View\{closure}()
 2 SYSTEMPATH/Common.php(1135): CodeIgniter\View\View->render('admin/contact/listContacts', [], true)
 3 APPPATH/Controllers/Admin/Contact.php(17): view('admin/contact/listContacts', [...])
 4 SYSTEMPATH/CodeIgniter.php(898): App\Controllers\Admin\Contact->listContact()
 5 SYSTEMPATH/CodeIgniter.php(468): CodeIgniter\CodeIgniter->runController(Object(App\Controllers\Admin\Contact))
 6 SYSTEMPATH/CodeIgniter.php(351): CodeIgniter\CodeIgniter->handleRequest(null, Object(Config\Cache), false)
 7 FCPATH/index.php(55): CodeIgniter\CodeIgniter->run()
CRITICAL - 2022-06-28 18:06:31 --> syntax error, unexpected single-quoted string "<span class="badge bg-warning"..."
in APPPATH/Views/admin/contact/listContacts.php on line 28.
 1 SYSTEMPATH/View/View.php(216): CodeIgniter\View\View->CodeIgniter\View\{closure}()
 2 SYSTEMPATH/Common.php(1135): CodeIgniter\View\View->render('admin/contact/listContacts', [], true)
 3 APPPATH/Controllers/Admin/Contact.php(17): view('admin/contact/listContacts', [...])
 4 SYSTEMPATH/CodeIgniter.php(898): App\Controllers\Admin\Contact->listContact()
 5 SYSTEMPATH/CodeIgniter.php(468): CodeIgniter\CodeIgniter->runController(Object(App\Controllers\Admin\Contact))
 6 SYSTEMPATH/CodeIgniter.php(351): CodeIgniter\CodeIgniter->handleRequest(null, Object(Config\Cache), false)
 7 FCPATH/index.php(55): CodeIgniter\CodeIgniter->run()
CRITICAL - 2022-06-28 18:07:56 --> syntax error, unexpected token "}", expecting "," or ";"
in APPPATH/Views/admin/contact/listContacts.php on line 29.
 1 SYSTEMPATH/View/View.php(216): CodeIgniter\View\View->CodeIgniter\View\{closure}()
 2 SYSTEMPATH/Common.php(1135): CodeIgniter\View\View->render('admin/contact/listContacts', [], true)
 3 APPPATH/Controllers/Admin/Contact.php(17): view('admin/contact/listContacts', [...])
 4 SYSTEMPATH/CodeIgniter.php(898): App\Controllers\Admin\Contact->listContact()
 5 SYSTEMPATH/CodeIgniter.php(468): CodeIgniter\CodeIgniter->runController(Object(App\Controllers\Admin\Contact))
 6 SYSTEMPATH/CodeIgniter.php(351): CodeIgniter\CodeIgniter->handleRequest(null, Object(Config\Cache), false)
 7 FCPATH/index.php(55): CodeIgniter\CodeIgniter->run()
CRITICAL - 2022-06-28 18:08:22 --> Undefined array key "Message"
in APPPATH/Views/admin/contact/listContacts.php on line 23.
 1 APPPATH/Views/admin/contact/listContacts.php(23): CodeIgniter\Debug\Exceptions->errorHandler(2, 'Undefined array key "Message"', 'APPPATH/Views/admin/contact/listContacts.php', 23)
 2 SYSTEMPATH/View/View.php(213): include('APPPATH/Views/admin/contact/listContacts.php')
 3 SYSTEMPATH/View/View.php(216): CodeIgniter\View\View->CodeIgniter\View\{closure}()
 4 SYSTEMPATH/Common.php(1135): CodeIgniter\View\View->render('admin/contact/listContacts', [], true)
 5 APPPATH/Controllers/Admin/Contact.php(17): view('admin/contact/listContacts', [...])
 6 SYSTEMPATH/CodeIgniter.php(898): App\Controllers\Admin\Contact->listContact()
 7 SYSTEMPATH/CodeIgniter.php(468): CodeIgniter\CodeIgniter->runController(Object(App\Controllers\Admin\Contact))
 8 SYSTEMPATH/CodeIgniter.php(351): CodeIgniter\CodeIgniter->handleRequest(null, Object(Config\Cache), false)
 9 FCPATH/index.php(55): CodeIgniter\CodeIgniter->run()
CRITICAL - 2022-06-28 18:08:24 --> Undefined array key "Message"
in APPPATH/Views/admin/contact/listContacts.php on line 23.
 1 APPPATH/Views/admin/contact/listContacts.php(23): CodeIgniter\Debug\Exceptions->errorHandler(2, 'Undefined array key "Message"', 'APPPATH/Views/admin/contact/listContacts.php', 23)
 2 SYSTEMPATH/View/View.php(213): include('APPPATH/Views/admin/contact/listContacts.php')
 3 SYSTEMPATH/View/View.php(216): CodeIgniter\View\View->CodeIgniter\View\{closure}()
 4 SYSTEMPATH/Common.php(1135): CodeIgniter\View\View->render('admin/contact/listContacts', [], true)
 5 APPPATH/Controllers/Admin/Contact.php(17): view('admin/contact/listContacts', [...])
 6 SYSTEMPATH/CodeIgniter.php(898): App\Controllers\Admin\Contact->listContact()
 7 SYSTEMPATH/CodeIgniter.php(468): CodeIgniter\CodeIgniter->runController(Object(App\Controllers\Admin\Contact))
 8 SYSTEMPATH/CodeIgniter.php(351): CodeIgniter\CodeIgniter->handleRequest(null, Object(Config\Cache), false)
 9 FCPATH/index.php(55): CodeIgniter\CodeIgniter->run()
CRITICAL - 2022-06-28 18:15:28 --> Invalid file: pages/sendContact.php
in SYSTEMPATH/Exceptions/FrameworkException.php on line 33.
 1 SYSTEMPATH/View/View.php(201): CodeIgniter\Exceptions\FrameworkException::forInvalidFile('pages/sendContact.php')
 2 SYSTEMPATH/Common.php(1135): CodeIgniter\View\View->render('pages/sendContact', [], true)
 3 APPPATH/Controllers/Contact.php(12): view('pages/sendContact')
 4 SYSTEMPATH/CodeIgniter.php(898): App\Controllers\Contact->sendContact()
 5 SYSTEMPATH/CodeIgniter.php(468): CodeIgniter\CodeIgniter->runController(Object(App\Controllers\Contact))
 6 SYSTEMPATH/CodeIgniter.php(351): CodeIgniter\CodeIgniter->handleRequest(null, Object(Config\Cache), false)
 7 FCPATH/index.php(55): CodeIgniter\CodeIgniter->run()
CRITICAL - 2022-06-28 18:17:59 --> Class "App\Controllers\ContactModel" not found
in APPPATH/Controllers/Contact.php on line 17.
 1 SYSTEMPATH/CodeIgniter.php(898): App\Controllers\Contact->sendContactAction()
 2 SYSTEMPATH/CodeIgniter.php(468): CodeIgniter\CodeIgniter->runController(Object(App\Controllers\Contact))
 3 SYSTEMPATH/CodeIgniter.php(351): CodeIgniter\CodeIgniter->handleRequest(null, Object(Config\Cache), false)
 4 FCPATH/index.php(55): CodeIgniter\CodeIgniter->run()
ERROR - 2022-06-28 18:18:45 --> Column 'name' cannot be null
CRITICAL - 2022-06-28 18:18:45 --> Column 'name' cannot be null
in SYSTEMPATH/Database/MySQLi/Connection.php on line 292.
 1 SYSTEMPATH/Database/MySQLi/Connection.php(292): mysqli->query('INSERT INTO `contacts` (`name`, `email`, `message`, `status`) VALUES (NULL, NULL, NULL, \'0\')', 0)
 2 SYSTEMPATH/Database/BaseConnection.php(678): CodeIgniter\Database\MySQLi\Connection->execute('INSERT INTO `contacts` (`name`, `email`, `message`, `status`) VALUES (NULL, NULL, NULL, \'0\')')
 3 SYSTEMPATH/Database/BaseConnection.php(606): CodeIgniter\Database\BaseConnection->simpleQuery('INSERT INTO `contacts` (`name`, `email`, `message`, `status`) VALUES (NULL, NULL, NULL, \'0\')')
 4 SYSTEMPATH/Database/BaseBuilder.php(1904): CodeIgniter\Database\BaseConnection->query('INSERT INTO `contacts` (`name`, `email`, `message`, `status`) VALUES (:name:, :email:, :message:, :status:)', [...], false)
 5 SYSTEMPATH/Model.php(278): CodeIgniter\Database\BaseBuilder->insert()
 6 SYSTEMPATH/BaseModel.php(738): CodeIgniter\Model->doInsert([...])
 7 SYSTEMPATH/Model.php(666): CodeIgniter\BaseModel->insert([...], true)
 8 APPPATH/Controllers/Contact.php(24): CodeIgniter\Model->insert([...])
 9 SYSTEMPATH/CodeIgniter.php(898): App\Controllers\Contact->sendContactAction()
10 SYSTEMPATH/CodeIgniter.php(468): CodeIgniter\CodeIgniter->runController(Object(App\Controllers\Contact))
11 SYSTEMPATH/CodeIgniter.php(351): CodeIgniter\CodeIgniter->handleRequest(null, Object(Config\Cache), false)
12 FCPATH/index.php(55): CodeIgniter\CodeIgniter->run()
ERROR - 2022-06-28 18:18:58 --> Column 'name' cannot be null
CRITICAL - 2022-06-28 18:18:58 --> Column 'name' cannot be null
in SYSTEMPATH/Database/MySQLi/Connection.php on line 292.
 1 SYSTEMPATH/Database/MySQLi/Connection.php(292): mysqli->query('INSERT INTO `contacts` (`name`, `email`, `message`, `status`) VALUES (NULL, NULL, NULL, \'0\')', 0)
 2 SYSTEMPATH/Database/BaseConnection.php(678): CodeIgniter\Database\MySQLi\Connection->execute('INSERT INTO `contacts` (`name`, `email`, `message`, `status`) VALUES (NULL, NULL, NULL, \'0\')')
 3 SYSTEMPATH/Database/BaseConnection.php(606): CodeIgniter\Database\BaseConnection->simpleQuery('INSERT INTO `contacts` (`name`, `email`, `message`, `status`) VALUES (NULL, NULL, NULL, \'0\')')
 4 SYSTEMPATH/Database/BaseBuilder.php(1904): CodeIgniter\Database\BaseConnection->query('INSERT INTO `contacts` (`name`, `email`, `message`, `status`) VALUES (:name:, :email:, :message:, :status:)', [...], false)
 5 SYSTEMPATH/Model.php(278): CodeIgniter\Database\BaseBuilder->insert()
 6 SYSTEMPATH/BaseModel.php(738): CodeIgniter\Model->doInsert([...])
 7 SYSTEMPATH/Model.php(666): CodeIgniter\BaseModel->insert([...], true)
 8 APPPATH/Controllers/Contact.php(24): CodeIgniter\Model->insert([...])
 9 SYSTEMPATH/CodeIgniter.php(898): App\Controllers\Contact->sendContactAction()
10 SYSTEMPATH/CodeIgniter.php(468): CodeIgniter\CodeIgniter->runController(Object(App\Controllers\Contact))
11 SYSTEMPATH/CodeIgniter.php(351): CodeIgniter\CodeIgniter->handleRequest(null, Object(Config\Cache), false)
12 FCPATH/index.php(55): CodeIgniter\CodeIgniter->run()
ERROR - 2022-06-28 18:19:25 --> Column 'name' cannot be null
CRITICAL - 2022-06-28 18:19:25 --> Column 'name' cannot be null
in SYSTEMPATH/Database/MySQLi/Connection.php on line 292.
 1 SYSTEMPATH/Database/MySQLi/Connection.php(292): mysqli->query('INSERT INTO `contacts` (`name`, `email`, `message`, `status`) VALUES (NULL, NULL, NULL, \'0\')', 0)
 2 SYSTEMPATH/Database/BaseConnection.php(678): CodeIgniter\Database\MySQLi\Connection->execute('INSERT INTO `contacts` (`name`, `email`, `message`, `status`) VALUES (NULL, NULL, NULL, \'0\')')
 3 SYSTEMPATH/Database/BaseConnection.php(606): CodeIgniter\Database\BaseConnection->simpleQuery('INSERT INTO `contacts` (`name`, `email`, `message`, `status`) VALUES (NULL, NULL, NULL, \'0\')')
 4 SYSTEMPATH/Database/BaseBuilder.php(1904): CodeIgniter\Database\BaseConnection->query('INSERT INTO `contacts` (`name`, `email`, `message`, `status`) VALUES (:name:, :email:, :message:, :status:)', [...], false)
 5 SYSTEMPATH/Model.php(278): CodeIgniter\Database\BaseBuilder->insert()
 6 SYSTEMPATH/BaseModel.php(738): CodeIgniter\Model->doInsert([...])
 7 SYSTEMPATH/Model.php(666): CodeIgniter\BaseModel->insert([...], true)
 8 APPPATH/Controllers/Contact.php(24): CodeIgniter\Model->insert([...])
 9 SYSTEMPATH/CodeIgniter.php(898): App\Controllers\Contact->sendContactAction()
10 SYSTEMPATH/CodeIgniter.php(468): CodeIgniter\CodeIgniter->runController(Object(App\Controllers\Contact))
11 SYSTEMPATH/CodeIgniter.php(351): CodeIgniter\CodeIgniter->handleRequest(null, Object(Config\Cache), false)
12 FCPATH/index.php(55): CodeIgniter\CodeIgniter->run()
